<?xml version="1.0" encoding="UTF-8"?>
<testng-results ignored="0" total="1" passed="1" failed="0" skipped="0">
  <reporter-output>
  </reporter-output>
  <suite started-at="2021-10-27T05:39:58 EET" name="Default suite" finished-at="2021-10-27T05:40:09 EET" duration-ms="11443">
    <groups>
    </groups>
    <test started-at="2021-10-27T05:39:58 EET" name="Default test" finished-at="2021-10-27T05:40:09 EET" duration-ms="11443">
      <class name="tests.DynamicLoadingTest">
        <test-method is-config="true" signature="startDriver(java.lang.String)[pri:0, instance:tests.DynamicLoadingTest@383bfa16]" started-at="2021-10-27T05:39:52 EET" name="startDriver" finished-at="2021-10-27T05:39:58 EET" duration-ms="5881" status="PASS">
          <params>
            <param index="0">
              <value>
                <![CDATA[chrome]]>
              </value>
            </param>
          </params>
          <reporter-output>
          </reporter-output>
        </test-method> <!-- startDriver -->
        <test-method signature="VerifyTextDisplayedCorrect()[pri:0, instance:tests.DynamicLoadingTest@383bfa16]" started-at="2021-10-27T05:39:58 EET" name="VerifyTextDisplayedCorrect" finished-at="2021-10-27T05:40:09 EET" duration-ms="11355" status="PASS">
          <reporter-output>
          </reporter-output>
        </test-method> <!-- VerifyTextDisplayedCorrect -->
        <test-method is-config="true" signature="screenshotOnFailure(org.testng.ITestResult)[pri:0, instance:tests.DynamicLoadingTest@383bfa16]" started-at="2021-10-27T05:40:09 EET" name="screenshotOnFailure" finished-at="2021-10-27T05:40:09 EET" duration-ms="1" status="PASS">
          <params>
            <param index="0">
              <value>
                <![CDATA[[TestResult name=VerifyTextDisplayedCorrect status=SUCCESS method=DynamicLoadingTest.VerifyTextDisplayedCorrect()[pri:0, instance:tests.DynamicLoadingTest@383bfa16] output={null}]]]>
              </value>
            </param>
          </params>
          <reporter-output>
          </reporter-output>
        </test-method> <!-- screenshotOnFailure -->
        <test-method is-config="true" signature="stopDriver()[pri:0, instance:tests.DynamicLoadingTest@383bfa16]" started-at="2021-10-27T05:40:09 EET" name="stopDriver" finished-at="2021-10-27T05:40:10 EET" duration-ms="667" status="PASS">
          <reporter-output>
          </reporter-output>
        </test-method> <!-- stopDriver -->
      </class> <!-- tests.DynamicLoadingTest -->
    </test> <!-- Default test -->
  </suite> <!-- Default suite -->
</testng-results>
